#
# A fatal error has been detected by the Java Runtime Environment:
#
#  SIGSEGV (0xb) at pc=0x000000010379108b, pid=22585, tid=0x0000000000004a03
#
# JRE version: Java(TM) SE Runtime Environment (8.0_202-b08) (build 1.8.0_202-b08)
# Java VM: Java HotSpot(TM) 64-Bit Server VM (25.202-b08 mixed mode bsd-amd64 compressed oops)
# Problematic frame:
# V  [libjvm.dylib+0x45808b]
#
# Failed to write core dump. Core dumps have been disabled. To enable core dumping, try "ulimit -c unlimited" before starting Java again
#
# If you would like to submit a bug report, please visit:
#   http://bugreport.java.com/bugreport/crash.jsp
#

---------------  T H R E A D  ---------------

Current thread (0x00007fe233821800):  VMThread [stack: 0x000070001037b000,0x000070001047b000] [id=18947]

siginfo: si_signo: 11 (SIGSEGV), si_code: 0 (unknown), si_addr: 0x0000000000000000

Registers:
RAX=0x000000012566bb90, RBX=0x000000012566b820, RCX=0x0000000000000000, RDX=0x0000000000000000
RSP=0x000070001047a490, RBP=0x000070001047a4b0, RSI=0x0000000127ee4dc8, RDI=0x00ca000000000000
R8 =0x0000000000080001, R9 =0x0000000000080001, R10=0x0000000000000001, R11=0x0000000000000000
R12=0x0000000103c34e00, R13=0x0000000000000000, R14=0x0000000000000005, R15=0x00007fe23070e840
RIP=0x000000010379108b, EFLAGS=0x0000000000010206, ERR=0x0000000000000000
  TRAPNO=0x000000000000000d

Top of Stack: (sp=0x000070001047a490)
0x000070001047a490:   000000010e2beed0 0000000103b771a0
0x000070001047a4a0:   000000012566b820 0000000000000005
0x000070001047a4b0:   000070001047a5e0 00000001035f3178
0x000070001047a4c0:   00000007c028f388 000000010e92bf90
0x000070001047a4d0:   00007fe22f413190 00000000037a808f
0x000070001047a4e0:   0000000000000000 000000010e92c108
0x000070001047a4f0:   000000010e92c108 000000010e92bf90
0x000070001047a500:   000000010e92c92f 0000000000000002
0x000070001047a510:   000070001047a508 00007fe23000ffff
0x000070001047a520:   000000010e92c120 000000010e92c120
0x000070001047a530:   000000010e92c920 000000010e92c120
0x000070001047a540:   000000010e92c920 000000010e92c938
0x000070001047a550:   0000000103c19d50 000070001047a4e0
0x000070001047a560:   000070001047a570 000000010378e1d5
0x000070001047a570:   000070001047a590 000000010378a2bf
0x000070001047a580:   000000000000000b 0000000103781772
0x000070001047a590:   000070001047a5c0 00000001036d5837
0x000070001047a5a0:   0000000103781772 0000000103c34e00
0x000070001047a5b0:   0000000103c34e01 00007fe22f413190
0x000070001047a5c0:   0000000103c34e00 0000000000000000
0x000070001047a5d0:   00000007c028f388 00007fe23070e840
0x000070001047a5e0:   000070001047a610 00000001034c848e
0x000070001047a5f0:   000070001047a610 00000001034c76e9
0x000070001047a600:   0000000103c34e01 0000000103c34e01
0x000070001047a610:   000070001047a650 00000001034c8550
0x000070001047a620:   0000000000000000 0000000103c34e00
0x000070001047a630:   0000000000000000 00007fe22fa0eef0
0x000070001047a640:   0000000103c34e00 000070001047a7a0
0x000070001047a650:   000070001047a670 000000010387825c
0x000070001047a660:   000070001047a750 0000000103c34e00
0x000070001047a670:   000070001047a820 0000000103801f67
0x000070001047a680:   0000000103c35080 0000000000000002 

Instructions: (pc=0x000000010379108b)
0x000000010379106b:   ff ff ff 48 81 c4 08 01 00 00 5b 41 5c 41 5d 41
0x000000010379107b:   5e 41 5f 5d c3 55 48 89 e5 41 56 53 48 83 ec 10
0x000000010379108b:   83 bf f8 00 00 00 00 48 89 fb 7e 33 48 8d bb 00
0x000000010379109b:   01 00 00 e8 05 fb ff ff 48 85 c0 74 22 49 89 c6 

Register to memory mapping:

RAX={method} {0x000000012566bb90} 'TC_InvalidPassword' '()V' in 'Android/TestCases/TCLogin'
RBX=0x000000012566b820 is pointing into metadata
RCX=0x0000000000000000 is an unknown value
RDX=0x0000000000000000 is an unknown value
RSP=0x000070001047a490 is an unknown value
RBP=0x000070001047a4b0 is an unknown value
RSI=0x0000000127ee4dc8 is pointing into metadata
RDI=0x00ca000000000000 is an unknown value
R8 =0x0000000000080001 is an unknown value
R9 =0x0000000000080001 is an unknown value
R10=0x0000000000000001 is an unknown value
R11=0x0000000000000000 is an unknown value
R12=0x0000000103c34e00: _ZN17PSParallelCompact17_is_alive_closureE+0 in /Library/Java/JavaVirtualMachines/jdk1.8.0_202.jdk/Contents/Home/jre/lib/server/libjvm.dylib at 0x0000000103339000
R13=0x0000000000000000 is an unknown value
R14=0x0000000000000005 is an unknown value
R15=0x00007fe23070e840 is an unknown value


Stack: [0x000070001037b000,0x000070001047b000],  sp=0x000070001047a490,  free space=1021k
Native frames: (J=compiled Java code, j=interpreted, Vv=VM code, C=native code)
V  [libjvm.dylib+0x45808b]
V  [libjvm.dylib+0x2ba178]
V  [libjvm.dylib+0x18f48e]
V  [libjvm.dylib+0x18f550]
V  [libjvm.dylib+0x53f25c]
V  [libjvm.dylib+0x4c8f67]
V  [libjvm.dylib+0x4ca453]
V  [libjvm.dylib+0x4caa67]
V  [libjvm.dylib+0x19fd6c]
V  [libjvm.dylib+0x5b76ac]
V  [libjvm.dylib+0x5be60d]
V  [libjvm.dylib+0x5bcba5]
V  [libjvm.dylib+0x5bcff2]
V  [libjvm.dylib+0x5bc911]
V  [libjvm.dylib+0x48f30a]
C  [libsystem_pthread.dylib+0x68fc]  _pthread_start+0xe0
C  [libsystem_pthread.dylib+0x2443]  thread_start+0xf

VM_Operation (0x00007000115afd98): CollectForMetadataAllocation, mode: safepoint, requested by thread 0x00007fe22f828000


---------------  P R O C E S S  ---------------

Java Threads: ( => current thread )
  0x00007fe231101000 JavaThread "OkHttp ConnectionPool" daemon [_thread_blocked, id=37895, stack(0x0000700011ac3000,0x0000700011bc3000)]
  0x00007fe231935000 JavaThread "Okio Watchdog" daemon [_thread_blocked, id=37379, stack(0x00007000122db000,0x00007000123db000)]
  0x00007fe22f991000 JavaThread "ReaderThread" [_thread_in_native, id=26883, stack(0x00007000119c0000,0x0000700011ac0000)]
  0x00007fe23881f000 JavaThread "Service Thread" daemon [_thread_blocked, id=40963, stack(0x00007000117ba000,0x00007000118ba000)]
  0x00007fe22f836000 JavaThread "C1 CompilerThread11" daemon [_thread_blocked, id=26115, stack(0x00007000116b7000,0x00007000117b7000)]
  0x00007fe22f829000 JavaThread "C1 CompilerThread10" daemon [_thread_blocked, id=41219, stack(0x00007000115b4000,0x00007000116b4000)]
  0x00007fe22f828000 JavaThread "C1 CompilerThread9" daemon [_thread_blocked, id=25347, stack(0x00007000114b1000,0x00007000115b1000)]
  0x00007fe22f82c800 JavaThread "C1 CompilerThread8" daemon [_thread_blocked, id=24835, stack(0x00007000113ae000,0x00007000114ae000)]
  0x00007fe22f82d800 JavaThread "C2 CompilerThread7" daemon [_thread_blocked, id=41475, stack(0x00007000112ab000,0x00007000113ab000)]
  0x00007fe238814000 JavaThread "C2 CompilerThread6" daemon [_thread_blocked, id=24323, stack(0x00007000111a8000,0x00007000112a8000)]
  0x00007fe23880a000 JavaThread "C2 CompilerThread5" daemon [_thread_blocked, id=23811, stack(0x00007000110a5000,0x00007000111a5000)]
  0x00007fe238808800 JavaThread "C2 CompilerThread4" daemon [_thread_blocked, id=23299, stack(0x0000700010fa2000,0x00007000110a2000)]
  0x00007fe23880b800 JavaThread "C2 CompilerThread3" daemon [_thread_blocked, id=23043, stack(0x0000700010e9f000,0x0000700010f9f000)]
  0x00007fe235025000 JavaThread "C2 CompilerThread2" daemon [_thread_blocked, id=42499, stack(0x0000700010d9c000,0x0000700010e9c000)]
  0x00007fe235024000 JavaThread "C2 CompilerThread1" daemon [_thread_blocked, id=43011, stack(0x0000700010c99000,0x0000700010d99000)]
  0x00007fe235023800 JavaThread "C2 CompilerThread0" daemon [_thread_blocked, id=22787, stack(0x0000700010b96000,0x0000700010c96000)]
  0x00007fe232012800 JavaThread "JDWP Command Reader" daemon [_thread_in_native, id=22275, stack(0x0000700010a93000,0x0000700010b93000)]
  0x00007fe231014800 JavaThread "JDWP Event Helper Thread" daemon [_thread_blocked, id=21763, stack(0x0000700010990000,0x0000700010a90000)]
  0x00007fe231014000 JavaThread "JDWP Transport Listener: dt_socket" daemon [_thread_blocked, id=16391, stack(0x000070001088d000,0x000070001098d000)]
  0x00007fe238809800 JavaThread "Signal Dispatcher" daemon [_thread_blocked, id=15875, stack(0x000070001078a000,0x000070001088a000)]
  0x00007fe22f826800 JavaThread "Finalizer" daemon [_thread_blocked, id=13571, stack(0x0000700010581000,0x0000700010681000)]
  0x00007fe22f826000 JavaThread "Reference Handler" daemon [_thread_blocked, id=18691, stack(0x000070001047e000,0x000070001057e000)]
  0x00007fe22f809800 JavaThread "Forwarding getCurrentContextHandle on session efbc5440-bbca-4b2f-bdae-1f908413992d to remote" [_thread_blocked, id=4611, stack(0x000070000f551000,0x000070000f651000)]

Other Threads:
=>0x00007fe233821800 VMThread [stack: 0x000070001037b000,0x000070001047b000] [id=18947]
  0x00007fe238829800 WatcherThread [stack: 0x00007000118bd000,0x00007000119bd000] [id=26627]

VM state:at safepoint (normal execution)

VM Mutex/Monitor currently owned by a thread:  ([mutex/lock_event])
[0x00007fe22f5097d0] Threads_lock - owner thread: 0x00007fe233821800
[0x00007fe22f509cd0] Heap_lock - owner thread: 0x00007fe22f828000
[0x00007fe22f50a250] MethodData_lock - owner thread: 0x00007fe22f828000

heap address: 0x00000006c0000000, size: 4096 MB, Compressed Oops mode: Zero based, Oop shift amount: 3
Narrow klass base: 0x0000000000000000, Narrow klass shift: 3
Compressed class space size: 1073741824 Address: 0x00000007c0000000

Heap:
 PSYoungGen      total 76288K, used 7704K [0x000000076ab00000, 0x0000000770000000, 0x00000007c0000000)
  eden space 65536K, 0% used [0x000000076ab00000,0x000000076ab00000,0x000000076eb00000)
  from space 10752K, 71% used [0x000000076f580000,0x000000076fd06050,0x0000000770000000)
  to   space 10752K, 0% used [0x000000076eb00000,0x000000076eb00000,0x000000076f580000)
 ParOldGen       total 175104K, used 104K [0x00000006c0000000, 0x00000006cab00000, 0x000000076ab00000)
  object space 175104K, 0% used [0x00000006c0000000,0x00000006c001a010,0x00000006cab00000)
 Metaspace       used 20037K, capacity 21110K, committed 21248K, reserved 1067008K
  class space    used 2432K, capacity 2703K, committed 2816K, reserved 1048576K

Card table byte_map: [0x0000000104798000,0x0000000104f99000] byte_map_base: 0x0000000101198000

Marking Bits: (ParMarkBitMap*) 0x0000000103c34e40
 Begin Bits: [0x000000011d000000, 0x0000000121000000)
 End Bits:   [0x0000000121000000, 0x0000000125000000)

Polling page: 0x0000000104336000

CodeCache: size=245760Kb used=9352Kb max_used=9381Kb free=236407Kb
 bounds [0x000000010e000000, 0x000000010e930000, 0x000000011d000000]
 total_blobs=2820 nmethods=2390 adapters=348
 compilation: enabled

Compilation events (10 events):
Event: 690.050 Thread 0x00007fe22f836000 2423       3       org.testng.shaded.com.google.gson.internal.bind.TypeAdapters$33::create (30 bytes)
Event: 690.050 Thread 0x00007fe22f82c800 2426       3       java.util.LinkedHashMap$LinkedValueIterator::next (8 bytes)
Event: 690.050 Thread 0x00007fe22f828000 nmethod 2424 0x000000010e2d1650 code [0x000000010e2d17c0, 0x000000010e2d1950]
Event: 690.050 Thread 0x00007fe22f82c800 nmethod 2426 0x000000010e336d10 code [0x000000010e336e80, 0x000000010e3370a8]
Event: 690.050 Thread 0x00007fe22f836000 nmethod 2423 0x000000010e2a8810 code [0x000000010e2a8980, 0x000000010e2a8c30]
Event: 690.050 Thread 0x00007fe22f829000 nmethod 2425 0x000000010e2a8190 code [0x000000010e2a8320, 0x000000010e2a8728]
Event: 690.050 Thread 0x00007fe235025000 nmethod 2417 0x000000010e2a7b90 code [0x000000010e2a7ce0, 0x000000010e2a7f98]
Event: 691.055 Thread 0x00007fe22f828000 2427       3       okhttp3.HttpUrl$Builder::push (125 bytes)
Event: 691.055 Thread 0x00007fe22f82c800 2428       3       okhttp3.HttpUrl$Builder::isDot (24 bytes)
Event: 691.055 Thread 0x00007fe22f836000 2429       3       okhttp3.HttpUrl$Builder::isDotDot (42 bytes)

GC Heap History (5 events):
Event: 0.904 GC heap before
{Heap before GC invocations=1 (full 0):
 PSYoungGen      total 76288K, used 65536K [0x000000076ab00000, 0x0000000770000000, 0x00000007c0000000)
  eden space 65536K, 100% used [0x000000076ab00000,0x000000076eb00000,0x000000076eb00000)
  from space 10752K, 0% used [0x000000076f580000,0x000000076f580000,0x0000000770000000)
  to   space 10752K, 0% used [0x000000076eb00000,0x000000076eb00000,0x000000076f580000)
 ParOldGen       total 175104K, used 0K [0x00000006c0000000, 0x00000006cab00000, 0x000000076ab00000)
  object space 175104K, 0% used [0x00000006c0000000,0x00000006c0000000,0x00000006cab00000)
 Metaspace       used 16283K, capacity 17172K, committed 17408K, reserved 1064960K
  class space    used 1986K, capacity 2206K, committed 2304K, reserved 1048576K
Event: 0.913 GC heap after
Heap after GC invocations=1 (full 0):
 PSYoungGen      total 76288K, used 9256K [0x000000076ab00000, 0x0000000770000000, 0x00000007c0000000)
  eden space 65536K, 0% used [0x000000076ab00000,0x000000076ab00000,0x000000076eb00000)
  from space 10752K, 86% used [0x000000076eb00000,0x000000076f40a228,0x000000076f580000)
  to   space 10752K, 0% used [0x000000076f580000,0x000000076f580000,0x0000000770000000)
 ParOldGen       total 175104K, used 88K [0x00000006c0000000, 0x00000006cab00000, 0x000000076ab00000)
  object space 175104K, 0% used [0x00000006c0000000,0x00000006c0016010,0x00000006cab00000)
 Metaspace       used 16283K, capacity 17172K, committed 17408K, reserved 1064960K
  class space    used 1986K, capacity 2206K, committed 2304K, reserved 1048576K
}
Event: 691.055 GC heap before
{Heap before GC invocations=2 (full 0):
 PSYoungGen      total 76288K, used 45274K [0x000000076ab00000, 0x0000000770000000, 0x00000007c0000000)
  eden space 65536K, 54% used [0x000000076ab00000,0x000000076ce2c618,0x000000076eb00000)
  from space 10752K, 86% used [0x000000076eb00000,0x000000076f40a228,0x000000076f580000)
  to   space 10752K, 0% used [0x000000076f580000,0x000000076f580000,0x0000000770000000)
 ParOldGen       total 175104K, used 88K [0x00000006c0000000, 0x00000006cab00000, 0x000000076ab00000)
  object space 175104K, 0% used [0x00000006c0000000,0x00000006c0016010,0x00000006cab00000)
 Metaspace       used 20037K, capacity 21110K, committed 21248K, reserved 1067008K
  class space    used 2432K, capacity 2703K, committed 2816K, reserved 1048576K
Event: 691.062 GC heap after
Heap after GC invocations=2 (full 0):
 PSYoungGen      total 76288K, used 7704K [0x000000076ab00000, 0x0000000770000000, 0x00000007c0000000)
  eden space 65536K, 0% used [0x000000076ab00000,0x000000076ab00000,0x000000076eb00000)
  from space 10752K, 71% used [0x000000076f580000,0x000000076fd06050,0x0000000770000000)
  to   space 10752K, 0% used [0x000000076eb00000,0x000000076eb00000,0x000000076f580000)
 ParOldGen       total 175104K, used 104K [0x00000006c0000000, 0x00000006cab00000, 0x000000076ab00000)
  object space 175104K, 0% used [0x00000006c0000000,0x00000006c001a010,0x00000006cab00000)
 Metaspace       used 20037K, capacity 21110K, committed 21248K, reserved 1067008K
  class space    used 2432K, capacity 2703K, committed 2816K, reserved 1048576K
}
Event: 691.062 GC heap before
{Heap before GC invocations=3 (full 1):
 PSYoungGen      total 76288K, used 7704K [0x000000076ab00000, 0x0000000770000000, 0x00000007c0000000)
  eden space 65536K, 0% used [0x000000076ab00000,0x000000076ab00000,0x000000076eb00000)
  from space 10752K, 71% used [0x000000076f580000,0x000000076fd06050,0x0000000770000000)
  to   space 10752K, 0% used [0x000000076eb00000,0x000000076eb00000,0x000000076f580000)
 ParOldGen       total 175104K, used 104K [0x00000006c0000000, 0x00000006cab00000, 0x000000076ab00000)
  object space 175104K, 0% used [0x00000006c0000000,0x00000006c001a010,0x00000006cab00000)
 Metaspace       used 20037K, capacity 21110K, committed 21248K, reserved 1067008K
  class space    used 2432K, capacity 2703K, committed 2816K, reserved 1048576K

Deoptimization events (10 events):
Event: 13.096 Thread 0x00007fe22f809800 Uncommon trap: reason=unstable_if action=reinterpret pc=0x000000010e50c9ec method=java.util.concurrent.ConcurrentHashMap.get(Ljava/lang/Object;)Ljava/lang/Object; @ 76
Event: 13.096 Thread 0x00007fe22f809800 Uncommon trap: reason=class_check action=maybe_recompile pc=0x000000010e795138 method=java.util.concurrent.ConcurrentHashMap.putVal(Ljava/lang/Object;Ljava/lang/Object;Z)Ljava/lang/Object; @ 192
Event: 13.108 Thread 0x00007fe22f809800 Uncommon trap: reason=bimorphic action=maybe_recompile pc=0x000000010e574554 method=java.util.HashMap.putVal(ILjava/lang/Object;Ljava/lang/Object;ZZ)Ljava/lang/Object; @ 203
Event: 13.182 Thread 0x00007fe22f809800 Uncommon trap: reason=bimorphic action=maybe_recompile pc=0x000000010e699eb8 method=java.util.HashMap.putVal(ILjava/lang/Object;Ljava/lang/Object;ZZ)Ljava/lang/Object; @ 203
Event: 13.182 Thread 0x00007fe22f809800 Uncommon trap: reason=bimorphic action=maybe_recompile pc=0x000000010e699eb8 method=java.util.HashMap.putVal(ILjava/lang/Object;Ljava/lang/Object;ZZ)Ljava/lang/Object; @ 203
Event: 13.182 Thread 0x00007fe22f809800 Uncommon trap: reason=bimorphic action=maybe_recompile pc=0x000000010e699eb8 method=java.util.HashMap.putVal(ILjava/lang/Object;Ljava/lang/Object;ZZ)Ljava/lang/Object; @ 203
Event: 13.182 Thread 0x00007fe22f809800 Uncommon trap: reason=bimorphic action=maybe_recompile pc=0x000000010e574554 method=java.util.HashMap.putVal(ILjava/lang/Object;Ljava/lang/Object;ZZ)Ljava/lang/Object; @ 203
Event: 39.232 Thread 0x00007fe22f809800 Uncommon trap: reason=class_check action=maybe_recompile pc=0x000000010e795138 method=java.util.concurrent.ConcurrentHashMap.putVal(Ljava/lang/Object;Ljava/lang/Object;Z)Ljava/lang/Object; @ 192
Event: 39.236 Thread 0x00007fe22f809800 Uncommon trap: reason=class_check action=maybe_recompile pc=0x000000010e795138 method=java.util.concurrent.ConcurrentHashMap.putVal(Ljava/lang/Object;Ljava/lang/Object;Z)Ljava/lang/Object; @ 192
Event: 689.026 Thread 0x00007fe22f809800 Uncommon trap: reason=class_check action=maybe_recompile pc=0x000000010e795138 method=java.util.concurrent.ConcurrentHashMap.putVal(Ljava/lang/Object;Ljava/lang/Object;Z)Ljava/lang/Object; @ 192

Classes redefined (3 events):
Event: 90.479 Thread 0x00007fe233821800 redefined class name=Android.TestCases.TCLogin, count=1
Event: 357.296 Thread 0x00007fe233821800 redefined class name=Android.TestCases.TCLogin, count=2
Event: 637.459 Thread 0x00007fe233821800 redefined class name=Android.TestCases.TCLogin, count=3

Internal exceptions (10 events):
Event: 36.599 Thread 0x00007fe22f809800 Exception <a 'java/net/SocketTimeoutException': Read timed out> (0x000000076c963f80) thrown at [/Users/java_re/workspace/8-2-build-macosx-x86_64/jdk8u202/12323/hotspot/src/share/vm/prims/jni.cpp, line 736]
Event: 37.260 Thread 0x00007fe22f809800 Exception <a 'java/net/SocketTimeoutException': Read timed out> (0x000000076c9a0220) thrown at [/Users/java_re/workspace/8-2-build-macosx-x86_64/jdk8u202/12323/hotspot/src/share/vm/prims/jni.cpp, line 736]
Event: 37.947 Thread 0x00007fe22f809800 Exception <a 'java/net/SocketTimeoutException': Read timed out> (0x000000076c9ec0c0) thrown at [/Users/java_re/workspace/8-2-build-macosx-x86_64/jdk8u202/12323/hotspot/src/share/vm/prims/jni.cpp, line 736]
Event: 38.594 Thread 0x00007fe22f809800 Exception <a 'java/net/SocketTimeoutException': Read timed out> (0x000000076ca28360) thrown at [/Users/java_re/workspace/8-2-build-macosx-x86_64/jdk8u202/12323/hotspot/src/share/vm/prims/jni.cpp, line 736]
Event: 39.226 Thread 0x00007fe22f809800 Exception <a 'java/net/SocketTimeoutException': Read timed out> (0x000000076ca64618) thrown at [/Users/java_re/workspace/8-2-build-macosx-x86_64/jdk8u202/12323/hotspot/src/share/vm/prims/jni.cpp, line 736]
Event: 39.229 Thread 0x00007fe22f809800 Exception <a 'java/lang/reflect/InvocationTargetException'> (0x000000076caa3aa0) thrown at [/Users/java_re/workspace/8-2-build-macosx-x86_64/jdk8u202/12323/hotspot/src/share/vm/runtime/reflection.cpp, line 1092]
Event: 684.157 Thread 0x00007fe22f809800 Exception <a 'java/net/SocketTimeoutException': Read timed out> (0x000000076cc02ea0) thrown at [/Users/java_re/workspace/8-2-build-macosx-x86_64/jdk8u202/12323/hotspot/src/share/vm/prims/jni.cpp, line 736]
Event: 684.234 Thread 0x00007fe22f809800 Exception <a 'java/lang/reflect/InvocationTargetException'> (0x000000076cc38db8) thrown at [/Users/java_re/workspace/8-2-build-macosx-x86_64/jdk8u202/12323/hotspot/src/share/vm/runtime/reflection.cpp, line 1092]
Event: 690.044 Thread 0x00007fe22f809800 Exception <a 'java/net/SocketTimeoutException': Read timed out> (0x000000076ccc7e18) thrown at [/Users/java_re/workspace/8-2-build-macosx-x86_64/jdk8u202/12323/hotspot/src/share/vm/prims/jni.cpp, line 736]
Event: 690.047 Thread 0x00007fe22f809800 Exception <a 'java/lang/reflect/InvocationTargetException'> (0x000000076ccfdf58) thrown at [/Users/java_re/workspace/8-2-build-macosx-x86_64/jdk8u202/12323/hotspot/src/share/vm/runtime/reflection.cpp, line 1092]

Events (10 events):
Event: 690.042 Thread 0x00007fe22f809800 DEOPT UNPACKING pc=0x000000010e047784 sp=0x000070000f64d7c8 mode 1
Event: 690.047 Thread 0x00007fe22f809800 DEOPT PACKING pc=0x000000010e5a9f9c sp=0x000070000f64df40
Event: 690.047 Thread 0x00007fe22f809800 DEOPT UNPACKING pc=0x000000010e047784 sp=0x000070000f64dd00 mode 1
Event: 690.047 Thread 0x00007fe22f809800 DEOPT PACKING pc=0x000000010e5b7cc4 sp=0x000070000f64e030
Event: 690.047 Thread 0x00007fe22f809800 DEOPT UNPACKING pc=0x000000010e047784 sp=0x000070000f64dd90 mode 1
Event: 690.048 Thread 0x00007fe22f809800 DEOPT PACKING pc=0x000000010e5a9f9c sp=0x000070000f64f630
Event: 690.048 Thread 0x00007fe22f809800 DEOPT UNPACKING pc=0x000000010e047784 sp=0x000070000f64f408 mode 1
Event: 690.050 Thread 0x00007fe22f809800 DEOPT PACKING pc=0x000000010e5a9f9c sp=0x000070000f64f620
Event: 690.050 Thread 0x00007fe22f809800 DEOPT UNPACKING pc=0x000000010e047784 sp=0x000070000f64f3f8 mode 1
Event: 691.055 Executing VM operation: CollectForMetadataAllocation


Dynamic libraries:
0x00007fff35074000 	/System/Library/Frameworks/Cocoa.framework/Versions/A/Cocoa
0x00007fff223be000 	/System/Library/Frameworks/Security.framework/Versions/A/Security
0x00007fff3327c000 	/System/Library/Frameworks/ApplicationServices.framework/Versions/A/ApplicationServices
0x00007fff2a640000 	/usr/lib/libz.1.dylib
0x00007fff2a708000 	/usr/lib/libSystem.B.dylib
0x00007fff203c7000 	/usr/lib/libobjc.A.dylib
0x00007fff205a7000 	/System/Library/Frameworks/CoreFoundation.framework/Versions/A/CoreFoundation
0x00007fff21356000 	/System/Library/Frameworks/Foundation.framework/Versions/C/Foundation
0x00007fff22def000 	/System/Library/Frameworks/AppKit.framework/Versions/C/AppKit
0x00007fff25cb3000 	/System/Library/Frameworks/CoreData.framework/Versions/A/CoreData
0x00007fff23b3b000 	/System/Library/PrivateFrameworks/UIFoundation.framework/Versions/A/UIFoundation
0x00007fff2fd36000 	/System/Library/PrivateFrameworks/RemoteViewServices.framework/Versions/A/RemoteViewServices
0x00007fff28b4c000 	/System/Library/PrivateFrameworks/XCTTargetBootstrap.framework/Versions/A/XCTTargetBootstrap
0x00007fff2b832000 	/usr/lib/libspindump.dylib
0x00007fff23d8a000 	/System/Library/Frameworks/UniformTypeIdentifiers.framework/Versions/A/UniformTypeIdentifiers
0x00007fff27350000 	/usr/lib/libapp_launch_measurement.dylib
0x00007fff27353000 	/System/Library/PrivateFrameworks/CoreAutoLayout.framework/Versions/A/CoreAutoLayout
0x00007fff284b3000 	/System/Library/Frameworks/Metal.framework/Versions/A/Metal
0x00007fff291a9000 	/usr/lib/liblangid.dylib
0x00007fff28b50000 	/System/Library/PrivateFrameworks/CoreSVG.framework/Versions/A/CoreSVG
0x00007fff24dca000 	/System/Library/PrivateFrameworks/SkyLight.framework/Versions/A/SkyLight
0x00007fff25130000 	/System/Library/Frameworks/CoreGraphics.framework/Versions/A/CoreGraphics
0x00007fff3025d000 	/System/Library/Frameworks/Accelerate.framework/Versions/A/Accelerate
0x00007fff2b270000 	/System/Library/PrivateFrameworks/IconServices.framework/Versions/A/IconServices
0x00007fff28497000 	/System/Library/Frameworks/IOSurface.framework/Versions/A/IOSurface
0x00007fff2663b000 	/usr/lib/libDiagnosticMessagesClient.dylib
0x00007fff28b38000 	/System/Library/PrivateFrameworks/DFRFoundation.framework/Versions/A/DFRFoundation
0x00007fff22716000 	/usr/lib/libicucore.A.dylib
0x00007fff2cd75000 	/System/Library/Frameworks/AudioToolbox.framework/Versions/A/AudioToolbox
0x00007fff2bffd000 	/System/Library/PrivateFrameworks/DataDetectorsCore.framework/Versions/A/DataDetectorsCore
0x00007fff24d3d000 	/usr/lib/libMobileGestalt.dylib
0x00007fff2883c000 	/System/Library/Frameworks/Carbon.framework/Versions/A/Frameworks/HIToolbox.framework/Versions/A/HIToolbox
0x00007fff26d95000 	/System/Library/Frameworks/QuartzCore.framework/Versions/A/QuartzCore
0x00007fff2fd6e000 	/System/Library/Frameworks/Carbon.framework/Versions/A/Frameworks/SpeechRecognition.framework/Versions/A/SpeechRecognition
0x00007fff270b5000 	/System/Library/PrivateFrameworks/CoreUI.framework/Versions/A/CoreUI
0x00007fff21d2c000 	/System/Library/Frameworks/CoreAudio.framework/Versions/A/CoreAudio
0x00007fff26726000 	/System/Library/Frameworks/DiskArbitration.framework/Versions/A/DiskArbitration
0x00007fff2bc00000 	/System/Library/PrivateFrameworks/MultitouchSupport.framework/Versions/A/MultitouchSupport
0x00007fff2bff4000 	/System/Library/PrivateFrameworks/InternationalSupport.framework/Versions/A/InternationalSupport
0x00007fff24d3c000 	/usr/lib/libenergytrace.dylib
0x00007fff22ce6000 	/System/Library/Frameworks/IOKit.framework/Versions/A/IOKit
0x00007fff300a1000 	/System/Library/Frameworks/CoreServices.framework/Versions/A/CoreServices
0x00007fff272e2000 	/System/Library/PrivateFrameworks/PerformanceAnalysis.framework/Versions/A/PerformanceAnalysis
0x00007fff6bc0e000 	/System/Library/Frameworks/OpenGL.framework/Versions/A/OpenGL
0x00007fff2c078000 	/System/Library/PrivateFrameworks/UserActivity.framework/Versions/A/UserActivity
0x00007fff257ba000 	/System/Library/Frameworks/ColorSync.framework/Versions/A/ColorSync
0x00007fff28db7000 	/System/Library/Frameworks/CoreImage.framework/Versions/A/CoreImage
0x00007fff21b46000 	/System/Library/Frameworks/CoreText.framework/Versions/A/CoreText
0x00007fff28b7a000 	/System/Library/Frameworks/ImageIO.framework/Versions/A/ImageIO
0x00007fff2a70e000 	/System/Library/PrivateFrameworks/SoftLinking.framework/Versions/A/SoftLinking
0x00007fff2739b000 	/usr/lib/libxml2.2.dylib
0x00007fff2048d000 	/usr/lib/libc++.1.dylib
0x00007fff2a97f000 	/usr/lib/libcompression.dylib
0x00007fff2bf26000 	/System/Library/PrivateFrameworks/TextureIO.framework/Versions/A/TextureIO
0x00007fff2afae000 	/usr/lib/libate.dylib
0x00007fff2a702000 	/usr/lib/system/libcache.dylib
0x00007fff2a6be000 	/usr/lib/system/libcommonCrypto.dylib
0x00007fff2a6e8000 	/usr/lib/system/libcompiler_rt.dylib
0x00007fff2a6dd000 	/usr/lib/system/libcopyfile.dylib
0x00007fff202b7000 	/usr/lib/system/libcorecrypto.dylib
0x00007fff20382000 	/usr/lib/system/libdispatch.dylib
0x00007fff20535000 	/usr/lib/system/libdyld.dylib
0x00007fff2a6f9000 	/usr/lib/system/libkeymgr.dylib
0x00007fff2db0c000 	/usr/lib/system/liblaunch.dylib
0x00007fff2a69c000 	/usr/lib/system/libmacho.dylib
0x00007fff29e94000 	/usr/lib/system/libquarantine.dylib
0x00007fff2a6f6000 	/usr/lib/system/libremovefile.dylib
0x00007fff24d9a000 	/usr/lib/system/libsystem_asl.dylib
0x00007fff20267000 	/usr/lib/system/libsystem_blocks.dylib
0x00007fff20404000 	/usr/lib/system/libsystem_c.dylib
0x00007fff2a6f0000 	/usr/lib/system/libsystem_collections.dylib
0x00007fff2919a000 	/usr/lib/system/libsystem_configuration.dylib
0x00007fff28486000 	/usr/lib/system/libsystem_containermanager.dylib
0x00007fff2a43f000 	/usr/lib/system/libsystem_coreservices.dylib
0x00007fff22976000 	/usr/lib/system/libsystem_darwin.dylib
0x00007fff2a6fa000 	/usr/lib/system/libsystem_dnssd.dylib
0x00007fff20401000 	/usr/lib/system/libsystem_featureflags.dylib
0x00007fff2057b000 	/usr/lib/system/libsystem_info.dylib
0x00007fff2a653000 	/usr/lib/system/libsystem_m.dylib
0x00007fff20355000 	/usr/lib/system/libsystem_malloc.dylib
0x00007fff24d2d000 	/usr/lib/system/libsystem_networkextension.dylib
0x00007fff22d95000 	/usr/lib/system/libsystem_notify.dylib
0x00007fff2ffa3000 	/usr/lib/system/libsystem_product_info_filter.dylib
0x00007fff2919e000 	/usr/lib/system/libsystem_sandbox.dylib
0x00007fff2a6f3000 	/usr/lib/system/libsystem_secinit.dylib
0x00007fff204f9000 	/usr/lib/system/libsystem_kernel.dylib
0x00007fff20571000 	/usr/lib/system/libsystem_platform.dylib
0x00007fff20529000 	/usr/lib/system/libsystem_pthread.dylib
0x00007fff26477000 	/usr/lib/system/libsystem_symptoms.dylib
0x00007fff2029f000 	/usr/lib/system/libsystem_trace.dylib
0x00007fff2a6ca000 	/usr/lib/system/libunwind.dylib
0x00007fff20269000 	/usr/lib/system/libxpc.dylib
0x00007fff204e3000 	/usr/lib/libc++abi.dylib
0x00007fff2a6d5000 	/usr/lib/liboah.dylib
0x00007fff2ad93000 	/usr/lib/liblzma.5.dylib
0x00007fff2106a000 	/System/Library/Frameworks/SystemConfiguration.framework/Versions/A/SystemConfiguration
0x00007fff2a70a000 	/usr/lib/libfakelink.dylib
0x00007fff2488e000 	/System/Library/Frameworks/CFNetwork.framework/Versions/A/CFNetwork
0x00007fff2a84a000 	/usr/lib/libarchive.2.dylib
0x00007fff210e8000 	/usr/lib/libCRFSuite.dylib
0x00007fff29ebb000 	/usr/lib/libbsm.0.dylib
0x00007fff24207000 	/usr/lib/libnetwork.dylib
0x00007fff2a70f000 	/usr/lib/libpcap.A.dylib
0x00007fff26470000 	/usr/lib/libdns_services.dylib
0x00007fff2adac000 	/usr/lib/libcoretls_cfhelpers.dylib
0x00007fff2a949000 	/usr/lib/libapple_nghttp2.dylib
0x00007fff2a6a2000 	/usr/lib/system/libkxld.dylib
0x00007fff260e9000 	/usr/lib/libsqlite3.dylib
0x00007fff2a422000 	/System/Library/PrivateFrameworks/AppleFSCompression.framework/Versions/A/AppleFSCompression
0x00007fff29ea3000 	/usr/lib/libcoretls.dylib
0x00007fff2a97a000 	/usr/lib/libpam.2.dylib
0x00007fff2aeaa000 	/usr/lib/libxar.1.dylib
0x00007fff291a5000 	/System/Library/PrivateFrameworks/AppleSystemInfo.framework/Versions/A/AppleSystemInfo
0x00007fff29ae5000 	/System/Library/PrivateFrameworks/IOMobileFramebuffer.framework/Versions/A/IOMobileFramebuffer
0x00007fff2a432000 	/usr/lib/libbz2.1.0.dylib
0x00007fff2a747000 	/usr/lib/libiconv.2.dylib
0x00007fff2a69b000 	/usr/lib/libcharset.1.dylib
0x00007fff2731e000 	/System/Library/Frameworks/CoreServices.framework/Versions/A/Frameworks/FSEvents.framework/Versions/A/FSEvents
0x00007fff22980000 	/System/Library/Frameworks/CoreServices.framework/Versions/A/Frameworks/CarbonCore.framework/Versions/A/CarbonCore
0x00007fff2668b000 	/System/Library/Frameworks/CoreServices.framework/Versions/A/Frameworks/Metadata.framework/Versions/A/Metadata
0x00007fff2a444000 	/System/Library/Frameworks/CoreServices.framework/Versions/A/Frameworks/OSServices.framework/Versions/A/OSServices
0x00007fff2a8bc000 	/System/Library/Frameworks/CoreServices.framework/Versions/A/Frameworks/SearchKit.framework/Versions/A/SearchKit
0x00007fff263fb000 	/System/Library/Frameworks/CoreServices.framework/Versions/A/Frameworks/AE.framework/Versions/A/AE
0x00007fff20a45000 	/System/Library/Frameworks/CoreServices.framework/Versions/A/Frameworks/LaunchServices.framework/Versions/A/LaunchServices
0x00007fff2ad43000 	/System/Library/Frameworks/CoreServices.framework/Versions/A/Frameworks/DictionaryServices.framework/Versions/A/DictionaryServices
0x00007fff2732b000 	/System/Library/Frameworks/CoreServices.framework/Versions/A/Frameworks/SharedFileList.framework/Versions/A/SharedFileList
0x00007fff29e97000 	/usr/lib/libCheckFix.dylib
0x00007fff24db1000 	/System/Library/PrivateFrameworks/TCC.framework/Versions/A/TCC
0x00007fff291ab000 	/System/Library/PrivateFrameworks/CoreNLP.framework/Versions/A/CoreNLP
0x00007fff2663e000 	/System/Library/PrivateFrameworks/MetadataUtilities.framework/Versions/A/MetadataUtilities
0x00007fff2111d000 	/usr/lib/libmecabra.dylib
0x00007fff2a1a1000 	/System/Library/Frameworks/MLCompute.framework/Versions/A/MLCompute
0x00007fff29ecc000 	/usr/lib/libmecab.dylib
0x00007fff29f16000 	/usr/lib/libgermantok.dylib
0x00007fff2a924000 	/usr/lib/libThaiTokenizer.dylib
0x00007fff2aee5000 	/usr/lib/libChineseTokenizer.dylib
0x00007fff2a978000 	/System/Library/Frameworks/MetalPerformanceShaders.framework/Versions/A/MetalPerformanceShaders
0x00007fff2672d000 	/System/Library/Frameworks/Accelerate.framework/Versions/A/Frameworks/vImage.framework/Versions/A/vImage
0x00007fff3007b000 	/System/Library/Frameworks/Accelerate.framework/Versions/A/Frameworks/vecLib.framework/Versions/A/vecLib
0x00007fff2aef0000 	/System/Library/Frameworks/Accelerate.framework/Versions/A/Frameworks/vecLib.framework/Versions/A/libvMisc.dylib
0x00007fff29900000 	/System/Library/Frameworks/Accelerate.framework/Versions/A/Frameworks/vecLib.framework/Versions/A/libvDSP.dylib
0x00007fff20d50000 	/System/Library/Frameworks/Accelerate.framework/Versions/A/Frameworks/vecLib.framework/Versions/A/libBLAS.dylib
0x00007fff2a9a5000 	/System/Library/Frameworks/Accelerate.framework/Versions/A/Frameworks/vecLib.framework/Versions/A/libLAPACK.dylib
0x00007fff29f1c000 	/System/Library/Frameworks/Accelerate.framework/Versions/A/Frameworks/vecLib.framework/Versions/A/libLinearAlgebra.dylib
0x00007fff2a961000 	/System/Library/Frameworks/Accelerate.framework/Versions/A/Frameworks/vecLib.framework/Versions/A/libSparseBLAS.dylib
0x00007fff2a99f000 	/System/Library/Frameworks/Accelerate.framework/Versions/A/Frameworks/vecLib.framework/Versions/A/libQuadrature.dylib
0x00007fff29257000 	/System/Library/Frameworks/Accelerate.framework/Versions/A/Frameworks/vecLib.framework/Versions/A/libBNNS.dylib
0x00007fff20ffb000 	/System/Library/Frameworks/Accelerate.framework/Versions/A/Frameworks/vecLib.framework/Versions/A/libSparse.dylib
0x00007fff29133000 	/System/Library/Frameworks/MetalPerformanceShaders.framework/Versions/A/Frameworks/MPSCore.framework/Versions/A/MPSCore
0x00007fff2a391000 	/System/Library/Frameworks/MetalPerformanceShaders.framework/Versions/A/Frameworks/MPSImage.framework/Versions/A/MPSImage
0x00007fff29f32000 	/System/Library/Frameworks/MetalPerformanceShaders.framework/Versions/A/Frameworks/MPSNeuralNetwork.framework/Versions/A/MPSNeuralNetwork
0x00007fff2a303000 	/System/Library/Frameworks/MetalPerformanceShaders.framework/Versions/A/Frameworks/MPSMatrix.framework/Versions/A/MPSMatrix
0x00007fff2a151000 	/System/Library/Frameworks/MetalPerformanceShaders.framework/Versions/A/Frameworks/MPSRayIntersector.framework/Versions/A/MPSRayIntersector
0x00007fff2a33a000 	/System/Library/Frameworks/MetalPerformanceShaders.framework/Versions/A/Frameworks/MPSNDArray.framework/Versions/A/MPSNDArray
0x00007fff20c7b000 	/System/Library/PrivateFrameworks/MetalTools.framework/Versions/A/MetalTools
0x00007fff291a3000 	/System/Library/PrivateFrameworks/AggregateDictionary.framework/Versions/A/AggregateDictionary
0x00007fff2660b000 	/System/Library/PrivateFrameworks/CoreAnalytics.framework/Versions/A/CoreAnalytics
0x00007fff2a926000 	/System/Library/PrivateFrameworks/AppleSauce.framework/Versions/A/AppleSauce
0x00007fff284a9000 	/System/Library/PrivateFrameworks/IOAccelerator.framework/Versions/A/IOAccelerator
0x00007fff6bc02000 	/System/Library/Frameworks/OpenGL.framework/Versions/A/Libraries/libCoreFSCache.dylib
0x00007fff216b5000 	/System/Library/PrivateFrameworks/LanguageModeling.framework/Versions/A/LanguageModeling
0x00007fff29ad3000 	/System/Library/PrivateFrameworks/CoreEmoji.framework/Versions/A/CoreEmoji
0x00007fff29250000 	/System/Library/PrivateFrameworks/LinguisticData.framework/Versions/A/LinguisticData
0x00007fff20fad000 	/System/Library/PrivateFrameworks/Lexicon.framework/Versions/A/Lexicon
0x00007fff2a838000 	/usr/lib/libcmph.dylib
0x00007fff272fe000 	/System/Library/Frameworks/OpenDirectory.framework/Versions/A/Frameworks/CFOpenDirectory.framework/Versions/A/CFOpenDirectory
0x00007fff272ee000 	/System/Library/Frameworks/OpenDirectory.framework/Versions/A/OpenDirectory
0x00007fff2adae000 	/System/Library/PrivateFrameworks/APFS.framework/Versions/A/APFS
0x00007fff29df9000 	/System/Library/Frameworks/SecurityFoundation.framework/Versions/A/SecurityFoundation
0x00007fff2aeb8000 	/usr/lib/libutil.dylib
0x00007fff22cab000 	/System/Library/PrivateFrameworks/CoreServicesStore.framework/Versions/A/CoreServicesStore
0x00007fff29e8f000 	/System/Library/Frameworks/ServiceManagement.framework/Versions/A/ServiceManagement
0x00007fff2aebc000 	/usr/lib/libxslt.1.dylib
0x00007fff29e85000 	/System/Library/PrivateFrameworks/BackgroundTaskManagement.framework/Versions/A/BackgroundTaskManagement
0x00007fff2be70000 	/System/Library/Frameworks/ImageIO.framework/Versions/A/Resources/libRadiance.dylib
0x00007fff2be7a000 	/System/Library/Frameworks/ImageIO.framework/Versions/A/Resources/libJPEG.dylib
0x00007fff2bdca000 	/System/Library/Frameworks/ImageIO.framework/Versions/A/Resources/libPng.dylib
0x00007fff2bdeb000 	/System/Library/Frameworks/ImageIO.framework/Versions/A/Resources/libTIFF.dylib
0x00007fff2becf000 	/System/Library/Frameworks/ImageIO.framework/Versions/A/Resources/libGIF.dylib
0x00007fff2bb1c000 	/System/Library/Frameworks/ImageIO.framework/Versions/A/Resources/libJP2.dylib
0x00007fff2b237000 	/usr/lib/libexpat.1.dylib
0x00007fff2bad2000 	/System/Library/PrivateFrameworks/AppleJPEG.framework/Versions/A/AppleJPEG
0x00007fff286df000 	/System/Library/PrivateFrameworks/FontServices.framework/libFontParser.dylib
0x00007fff263b2000 	/System/Library/PrivateFrameworks/RunningBoardServices.framework/Versions/A/RunningBoardServices
0x00007fff2bbfc000 	/System/Library/PrivateFrameworks/WatchdogClient.framework/Versions/A/WatchdogClient
0x00007fff2179e000 	/System/Library/Frameworks/CoreDisplay.framework/Versions/A/CoreDisplay
0x00007fff285f4000 	/System/Library/Frameworks/CoreMedia.framework/Versions/A/CoreMedia
0x00007fff2747e000 	/System/Library/Frameworks/CoreVideo.framework/Versions/A/CoreVideo
0x00007fff2bc37000 	/System/Library/Frameworks/VideoToolbox.framework/Versions/A/VideoToolbox
0x00007fff26332000 	/System/Library/PrivateFrameworks/BaseBoard.framework/Versions/A/BaseBoard
0x00007fff2b37c000 	/System/Library/PrivateFrameworks/PersistentConnection.framework/Versions/A/PersistentConnection
0x00007fff260d3000 	/System/Library/PrivateFrameworks/ProtocolBuffer.framework/Versions/A/ProtocolBuffer
0x00007fff2631a000 	/System/Library/PrivateFrameworks/CommonUtilities.framework/Versions/A/CommonUtilities
0x00007fff2ba95000 	/System/Library/PrivateFrameworks/Bom.framework/Versions/A/Bom
0x00007fff2be68000 	/System/Library/PrivateFrameworks/GPUWrangler.framework/Versions/A/GPUWrangler
0x00007fff2be4b000 	/System/Library/PrivateFrameworks/IOPresentment.framework/Versions/A/IOPresentment
0x00007fff2be74000 	/System/Library/PrivateFrameworks/DSExternalDisplay.framework/Versions/A/DSExternalDisplay
0x00007fff2bed4000 	/System/Library/PrivateFrameworks/CMCaptureCore.framework/Versions/A/CMCaptureCore
0x00007fff2b818000 	/System/Library/PrivateFrameworks/AppServerSupport.framework/Versions/A/AppServerSupport
0x00007fff2d8af000 	/System/Library/PrivateFrameworks/perfdata.framework/Versions/A/perfdata
0x00007fff29de8000 	/System/Library/PrivateFrameworks/AssertionServices.framework/Versions/A/AssertionServices
0x00007fff218d5000 	/System/Library/PrivateFrameworks/AudioToolboxCore.framework/Versions/A/AudioToolboxCore
0x00007fff285d7000 	/System/Library/PrivateFrameworks/caulk.framework/Versions/A/caulk
0x00007fff3cd5b000 	/System/Library/PrivateFrameworks/SystemPolicy.framework/Versions/A/SystemPolicy
0x00007fff2b046000 	/usr/lib/libIOReport.dylib
0x00007fff2d0eb000 	/usr/lib/libSMC.dylib
0x00007fff2bd96000 	/usr/lib/libAudioToolboxUtility.dylib
0x00007fff3d6b8000 	/usr/lib/libmis.dylib
0x00007fff6bc5e000 	/System/Library/Frameworks/OpenGL.framework/Versions/A/Libraries/libGLU.dylib
0x00007fff6bc21000 	/System/Library/Frameworks/OpenGL.framework/Versions/A/Libraries/libGFXShared.dylib
0x00007fff6be2f000 	/System/Library/Frameworks/OpenGL.framework/Versions/A/Libraries/libGL.dylib
0x00007fff6bc2a000 	/System/Library/Frameworks/OpenGL.framework/Versions/A/Libraries/libGLImage.dylib
0x00007fff6bc1e000 	/System/Library/Frameworks/OpenGL.framework/Versions/A/Libraries/libCVMSPluginSupport.dylib
0x00007fff6bc09000 	/System/Library/Frameworks/OpenGL.framework/Versions/A/Libraries/libCoreVMClient.dylib
0x00007fff6d279000 	/System/Library/Frameworks/OpenCL.framework/Versions/A/OpenCL
0x00007fff2b3a5000 	/System/Library/PrivateFrameworks/GraphVisualizer.framework/Versions/A/GraphVisualizer
0x00007fff2b3b4000 	/System/Library/PrivateFrameworks/FaceCore.framework/Versions/A/FaceCore
0x00007fff2b7d0000 	/System/Library/PrivateFrameworks/OTSVG.framework/Versions/A/OTSVG
0x00007fff27073000 	/System/Library/Frameworks/ApplicationServices.framework/Versions/A/Frameworks/ATS.framework/Versions/A/Resources/libFontRegistry.dylib
0x00007fff2b81f000 	/System/Library/PrivateFrameworks/FontServices.framework/libhvf.dylib
0x00007fff2b1e3000 	/System/Library/PrivateFrameworks/AppleVA.framework/Versions/A/AppleVA
0x00007fff2cf33000 	/System/Library/Frameworks/ApplicationServices.framework/Versions/A/Frameworks/ATS.framework/Versions/A/ATS
0x00007fff2d246000 	/System/Library/Frameworks/ApplicationServices.framework/Versions/A/Frameworks/ColorSyncLegacy.framework/Versions/A/ColorSyncLegacy
0x00007fff258b1000 	/System/Library/Frameworks/ApplicationServices.framework/Versions/A/Frameworks/HIServices.framework/Versions/A/HIServices
0x00007fff2d22b000 	/System/Library/Frameworks/ApplicationServices.framework/Versions/A/Frameworks/LangAnalysis.framework/Versions/A/LangAnalysis
0x00007fff2bede000 	/System/Library/Frameworks/ApplicationServices.framework/Versions/A/Frameworks/PrintCore.framework/Versions/A/PrintCore
0x00007fff2d24e000 	/System/Library/Frameworks/ApplicationServices.framework/Versions/A/Frameworks/QD.framework/Versions/A/QD
0x00007fff2cf23000 	/System/Library/Frameworks/ApplicationServices.framework/Versions/A/Frameworks/SpeechSynthesis.framework/Versions/A/SpeechSynthesis
0x00007fff2be9f000 	/System/Library/Frameworks/ApplicationServices.framework/Versions/A/Frameworks/ATSUI.framework/Versions/A/ATSUI
0x00007fff2d1cb000 	/usr/lib/libcups.2.dylib
0x00007fff2d23b000 	/System/Library/PrivateFrameworks/NetAuth.framework/Versions/A/NetAuth
0x00007fff2d8ca000 	/System/Library/Frameworks/Kerberos.framework/Versions/A/Kerberos
0x00007fff2d8da000 	/System/Library/Frameworks/GSS.framework/Versions/A/GSS
0x00007fff2cfa0000 	/usr/lib/libresolv.9.dylib
0x00007fff2b835000 	/System/Library/PrivateFrameworks/Heimdal.framework/Versions/A/Heimdal
0x00007fff33591000 	/System/Library/Frameworks/Kerberos.framework/Versions/A/Libraries/libHeimdalProxy.dylib
0x00007fff2647f000 	/System/Library/Frameworks/Network.framework/Versions/A/Network
0x00007fff2b251000 	/usr/lib/libheimdal-asn1.dylib
0x00007fff2d92b000 	/System/Library/PrivateFrameworks/CommonAuth.framework/Versions/A/CommonAuth
0x00007fff274cc000 	/System/Library/PrivateFrameworks/login.framework/Versions/A/Frameworks/loginsupport.framework/Versions/A/loginsupport
0x00007fff2ceaa000 	/System/Library/PrivateFrameworks/AudioSession.framework/Versions/A/AudioSession
0x00007fff2cf10000 	/usr/lib/libAudioStatistics.dylib
0x00007fff2b2dd000 	/System/Library/PrivateFrameworks/MediaExperience.framework/Versions/A/MediaExperience
0x00007fff2cd43000 	/System/Library/PrivateFrameworks/AudioSession.framework/libSessionUtility.dylib
0x00007fff2d8bb000 	/usr/lib/libperfcheck.dylib
0x00007fff2d25a000 	/System/Library/PrivateFrameworks/AudioResourceArbitration.framework/Versions/A/AudioResourceArbitration
0x00007fff2b25b000 	/System/Library/PrivateFrameworks/IconFoundation.framework/Versions/A/IconFoundation
0x00007fff2fd5e000 	/System/Library/PrivateFrameworks/SpeechRecognitionCore.framework/Versions/A/SpeechRecognitionCore
0x0000000103339000 	/Library/Java/JavaVirtualMachines/jdk1.8.0_202.jdk/Contents/Home/jre/lib/server/libjvm.dylib
0x00007fff781c7000 	/usr/lib/libstdc++.6.dylib
0x00000001042f2000 	/Library/Java/JavaVirtualMachines/jdk1.8.0_202.jdk/Contents/Home/jre/lib/libverify.dylib
0x0000000104300000 	/Library/Java/JavaVirtualMachines/jdk1.8.0_202.jdk/Contents/Home/jre/lib/libjava.dylib
0x0000000104337000 	/Library/Java/JavaVirtualMachines/jdk1.8.0_202.jdk/Contents/Home/jre/lib/libjdwp.dylib
0x0000000104382000 	/Library/Java/JavaVirtualMachines/jdk1.8.0_202.jdk/Contents/Home/jre/lib/libnpt.dylib
0x00000001043cf000 	/Library/Java/JavaVirtualMachines/jdk1.8.0_202.jdk/Contents/Home/jre/lib/libzip.dylib
0x0000000105d50000 	/Library/Java/JavaVirtualMachines/jdk1.8.0_202.jdk/Contents/Home/jre/lib/libdt_socket.dylib
0x00000001278b8000 	/Library/Java/JavaVirtualMachines/jdk1.8.0_202.jdk/Contents/Home/jre/lib/libnet.dylib
0x0000000127ce5000 	/Library/Java/JavaVirtualMachines/jdk1.8.0_202.jdk/Contents/Home/jre/lib/libnio.dylib
0x0000000127cf5000 	/Library/Java/JavaVirtualMachines/jdk1.8.0_202.jdk/Contents/Home/jre/lib/libsunec.dylib

VM Arguments:
jvm_args: -agentlib:jdwp=transport=dt_socket,suspend=y,address=localhost:51881 -ea -Dfile.encoding=UTF-8 
java_command: org.testng.remote.RemoteTestNG -serport 51880 -protocol json -d /Users/bilal/eclipse-workspace/seasonedproject/SeasonedAndroid/test-output /var/folders/2v/rp_24c4d7359qjzm6qmy3cg40000gp/T/testng-eclipse--1079823786/testng-customsuite.xml
java_class_path (initial): /Users/bilal/.eclipse/org.eclipse.platform_4.18.0_1723860239_macosx_cocoa_x86_64/configuration/org.eclipse.osgi/923/0/.cp/lib/testng-remote.jar:/Users/bilal/eclipse-workspace/seasonedproject/SeasonedAndroid/target/test-classes:/Users/bilal/eclipse-workspace/seasonedproject/SeasonedAndroid/target/classes:/Users/bilal/.eclipse/org.eclipse.platform_4.18.0_1723860239_macosx_cocoa_x86_64/plugins/org.testng_7.4.0.r202105021533.jar:/Users/bilal/.eclipse/org.eclipse.platform_4.18.0_1723860239_macosx_cocoa_x86_64/plugins/com.beust.jcommander_1.78.0.jar:/Users/bilal/.eclipse/org.eclipse.platform_4.18.0_1723860239_macosx_cocoa_x86_64/plugins/org.apache-extras.beanshell.bsh_2.0.0.b6.jar:/Users/bilal/.eclipse/org.eclipse.platform_4.18.0_1723860239_macosx_cocoa_x86_64/plugins/org.yaml.snakeyaml_1.21.0.jar:/Users/bilal/.eclipse/org.eclipse.platform_4.18.0_1723860239_macosx_cocoa_x86_64/plugins/org.webjars.jquery_3.5.1.jar:/Users/bilal/.m2/repository/org/seleniumhq/selenium/selenium-java/3.141.59/selenium-java-3.141.59.jar:/Users/bilal/.m2/repository/org/seleniumhq/selenium/selenium-api/3.141.59/selenium-api-3.141.59.jar:/Users/bilal/.m2/repository/org/seleniumhq/selenium/selenium-chrome-driver/3.141.59/selenium-chrome-driver-3.141.59.jar:/Users/bilal/.m2/repository/org/seleniumhq/selenium/selenium-edge-driver/3.141.59/selenium-edge-driver-3.141.59.jar:/Users/bilal/.m2/repository/org/seleniumhq/selenium/selenium-firefox-driver/3.141.59/selenium-firefox-driver-3.141.59.jar:/Users/bilal/.m2/repository/org/seleniumhq/selenium/selenium-ie-driver/3.141.59/selenium-ie-driver-3.141.59.jar:/Users/bilal/.m2/repository/org/seleniumhq/selenium/selenium-opera-driver/3.141.59/selenium-opera-driver-3.141.59.jar:/Users/bilal/.m2/repository/org/seleniumhq/selenium/selenium-remote-driver/3.141.59/selenium-remote-driver-3.141.59.jar:/Users/bilal/.m2/repository/org/seleniumhq/selenium/selenium-safari-driver/3.141.59/selenium-safari-driver-3.141.59.jar:/Users/bilal/.m2/rep
Launcher Type: SUN_STANDARD

Environment Variables:
PATH=/usr/bin:/bin:/usr/sbin:/sbin
SHELL=/bin/zsh

Signal Handlers:
SIGSEGV: [libjvm.dylib+0x5b719d], sa_mask[0]=11111111011111110111111111111111, sa_flags=SA_ONSTACK|SA_RESTART|SA_SIGINFO
SIGBUS: [libjvm.dylib+0x5b719d], sa_mask[0]=11111111011111110111111111111111, sa_flags=SA_RESTART|SA_SIGINFO
SIGFPE: [libjvm.dylib+0x48c8fc], sa_mask[0]=11111111011111110111111111111111, sa_flags=SA_RESTART|SA_SIGINFO
SIGPIPE: [libjvm.dylib+0x48c8fc], sa_mask[0]=11111111011111110111111111111111, sa_flags=SA_RESTART|SA_SIGINFO
SIGXFSZ: [libjvm.dylib+0x48c8fc], sa_mask[0]=11111111011111110111111111111111, sa_flags=SA_RESTART|SA_SIGINFO
SIGILL: [libjvm.dylib+0x48c8fc], sa_mask[0]=11111111011111110111111111111111, sa_flags=SA_RESTART|SA_SIGINFO
SIGUSR1: SIG_DFL, sa_mask[0]=00000000000000000000000000000000, sa_flags=none
SIGUSR2: [libjvm.dylib+0x48c41a], sa_mask[0]=00100000000000000000000000000000, sa_flags=SA_RESTART|SA_SIGINFO
SIGHUP: [libjvm.dylib+0x48a9a5], sa_mask[0]=11111111011111110111111111111111, sa_flags=SA_RESTART|SA_SIGINFO
SIGINT: [libjvm.dylib+0x48a9a5], sa_mask[0]=11111111011111110111111111111111, sa_flags=SA_RESTART|SA_SIGINFO
SIGTERM: [libjvm.dylib+0x48a9a5], sa_mask[0]=11111111011111110111111111111111, sa_flags=SA_RESTART|SA_SIGINFO
SIGQUIT: [libjvm.dylib+0x48a9a5], sa_mask[0]=11111111011111110111111111111111, sa_flags=SA_RESTART|SA_SIGINFO


---------------  S Y S T E M  ---------------

OS:Bsduname:Darwin 20.6.0 Darwin Kernel Version 20.6.0: Mon Aug 30 06:12:21 PDT 2021; root:xnu-7195.141.6~3/RELEASE_X86_64 x86_64
rlimit: STACK 8192k, CORE 0k, NPROC 2784, NOFILE 10240, AS infinity
load average:2.04 2.00 1.86

CPU:total 16 (initial active 16) (8 cores per cpu, 2 threads per core) family 6 model 158 stepping 13, cmov, cx8, fxsr, mmx, sse, sse2, sse3, ssse3, sse4.1, sse4.2, popcnt, avx, avx2, aes, clmul, erms, 3dnowpref, lzcnt, ht, tsc, tscinvbit, bmi1, bmi2, adx

Memory: 4k page, physical 16777216k(147204k free)

/proc/meminfo:


vm_info: Java HotSpot(TM) 64-Bit Server VM (25.202-b08) for bsd-amd64 JRE (1.8.0_202-b08), built on Dec 15 2018 20:16:16 by "java_re" with gcc 4.2.1 (Based on Apple Inc. build 5658) (LLVM build 2336.11.00)

time: Fri Oct 29 17:37:28 2021
timezone: PKT
elapsed time: 691 seconds (0d 0h 11m 31s)

